2025-10-15 23:32:17.099 [info] [main] Log level: Info
2025-10-15 23:32:17.100 [info] [main] Validating found git in: "git"
2025-10-15 23:32:17.100 [info] [main] Using git "2.47.3" from "git"
2025-10-15 23:32:17.100 [info] [Model][doInitialScan] Initial repository scan started
2025-10-15 23:32:17.100 [info] [Model][doInitialScan] Initial repository scan completed - repositories (0), closed repositories (0), parent repositories (0), unsafe repositories (0)
2025-10-15 23:42:53.089 [info] > git rev-parse --show-toplevel [38ms]
2025-10-15 23:42:53.090 [info] fatal: not a git repository (or any of the parent directories): .git
2025-10-15 23:43:31.673 [info] > git rev-parse --show-toplevel [6ms]
2025-10-15 23:43:31.673 [info] fatal: not a git repository (or any of the parent directories): .git
2025-10-15 23:43:31.706 [info] > git rev-parse --show-toplevel [13ms]
2025-10-15 23:43:31.707 [info] fatal: not a git repository (or any of the parent directories): .git
2025-10-15 23:43:33.921 [info] > git rev-parse --show-toplevel [6ms]
2025-10-15 23:43:33.921 [info] fatal: not a git repository (or any of the parent directories): .git
2025-10-15 23:43:33.946 [info] > git rev-parse --show-toplevel [5ms]
2025-10-15 23:43:33.946 [info] fatal: not a git repository (or any of the parent directories): .git
2025-10-15 23:43:33.972 [info] > git rev-parse --show-toplevel [5ms]
2025-10-15 23:43:33.973 [info] fatal: not a git repository (or any of the parent directories): .git
2025-10-15 23:43:36.110 [info] > git rev-parse --show-toplevel [4ms]
2025-10-15 23:43:36.110 [info] fatal: not a git repository (or any of the parent directories): .git
2025-10-15 23:43:36.130 [info] > git rev-parse --show-toplevel [3ms]
2025-10-15 23:43:36.130 [info] fatal: not a git repository (or any of the parent directories): .git
2025-10-15 23:43:37.748 [info] > git rev-parse --show-toplevel [4ms]
2025-10-15 23:43:37.748 [info] fatal: not a git repository (or any of the parent directories): .git
2025-10-15 23:48:15.400 [info] > git rev-parse --show-toplevel [13ms]
2025-10-15 23:48:15.400 [info] fatal: not a git repository (or any of the parent directories): .git
2025-10-15 23:49:26.973 [info] > git rev-parse --show-toplevel [8ms]
2025-10-15 23:49:26.973 [info] fatal: not a git repository (or any of the parent directories): .git
2025-10-15 23:49:28.576 [info] > git rev-parse --show-toplevel [10ms]
2025-10-15 23:49:28.576 [info] fatal: not a git repository (or any of the parent directories): .git
2025-10-15 23:49:53.362 [info] > git rev-parse --show-toplevel [4ms]
2025-10-15 23:49:53.362 [info] fatal: not a git repository (or any of the parent directories): .git
2025-10-15 23:49:54.567 [info] > git rev-parse --show-toplevel [6ms]
2025-10-15 23:49:54.567 [info] fatal: not a git repository (or any of the parent directories): .git
