2025-10-15 23:32:12.434 [info] Started initializing default profile extensions in extensions installation folder. file:///home/projeteea/.vscode/extensions
2025-10-15 23:32:13.182 [warning] Failed to create default profile extensions manifest in extensions installation folder. file:///home/projeteea/.vscode/extensions Unable to create file 'vscode-userdata:/home/projeteea/.vscode/extensions/extensions.json' that already exists when overwrite flag is not set
2025-10-15 23:32:13.188 [info] Completed initializing default profile extensions in extensions installation folder. file:///home/projeteea/.vscode/extensions
2025-10-15 23:38:22.469 [info] Getting Manifest... ms-python.python
2025-10-15 23:38:22.712 [info] Installing extension: ms-python.python {"isMachineScoped":false,"profileLocation":{"$mid":1,"external":"vscode-userdata:/home/projeteea/.vscode/extensions/extensions.json","path":"/home/projeteea/.vscode/extensions/extensions.json","scheme":"vscode-userdata"},"isApplicationScoped":false,"productVersion":{"version":"1.105.1","date":"2025-10-14T22:33:36.618Z"}}
2025-10-15 23:38:23.752 [info] Getting Manifest... ms-python.debugpy
2025-10-15 23:38:23.854 [info] Getting Manifest... ms-python.vscode-python-envs
2025-10-15 23:38:23.989 [info] Getting Manifest... ms-python.vscode-pylance
2025-10-15 23:38:24.095 [info] Installing extension: ms-python.debugpy {"isMachineScoped":false,"profileLocation":{"$mid":1,"external":"vscode-userdata:/home/projeteea/.vscode/extensions/extensions.json","path":"/home/projeteea/.vscode/extensions/extensions.json","scheme":"vscode-userdata"},"isApplicationScoped":false,"productVersion":{"version":"1.105.1","date":"2025-10-14T22:33:36.618Z"},"pinned":false,"installGivenVersion":false,"context":{"dependecyOrPackExtensionInstall":true}}
2025-10-15 23:38:24.101 [info] Installing extension: ms-python.vscode-python-envs {"isMachineScoped":false,"profileLocation":{"$mid":1,"external":"vscode-userdata:/home/projeteea/.vscode/extensions/extensions.json","path":"/home/projeteea/.vscode/extensions/extensions.json","scheme":"vscode-userdata"},"isApplicationScoped":false,"productVersion":{"version":"1.105.1","date":"2025-10-14T22:33:36.618Z"},"pinned":false,"installGivenVersion":false,"context":{"dependecyOrPackExtensionInstall":true}}
2025-10-15 23:38:24.109 [info] Installing extension: ms-python.vscode-pylance {"isMachineScoped":false,"profileLocation":{"$mid":1,"external":"vscode-userdata:/home/projeteea/.vscode/extensions/extensions.json","path":"/home/projeteea/.vscode/extensions/extensions.json","scheme":"vscode-userdata"},"isApplicationScoped":false,"productVersion":{"version":"1.105.1","date":"2025-10-14T22:33:36.618Z"},"pinned":false,"installGivenVersion":false,"context":{"dependecyOrPackExtensionInstall":true}}
2025-10-15 23:39:19.628 [info] Extension signature verification result for ms-python.debugpy: Success. Internal Code: 0. Executed: true. Duration: 12142ms.
2025-10-15 23:39:31.442 [info] Extension signature verification result for ms-python.vscode-python-envs: Success. Internal Code: 0. Executed: true. Duration: 13562ms.
2025-10-15 23:39:33.607 [info] Extracted extension to file:///home/projeteea/.vscode/extensions/ms-python.debugpy-2025.14.1-linux-arm64: ms-python.debugpy
2025-10-15 23:39:33.736 [info] Extension signature verification result for ms-python.python: Success. Internal Code: 0. Executed: true. Duration: 12732ms.
2025-10-15 23:39:33.925 [info] Renamed to /home/projeteea/.vscode/extensions/ms-python.debugpy-2025.14.1-linux-arm64
2025-10-15 23:39:35.157 [info] Extracted extension to file:///home/projeteea/.vscode/extensions/ms-python.vscode-python-envs-1.10.0-linux-arm64: ms-python.vscode-python-envs
2025-10-15 23:39:35.253 [info] Renamed to /home/projeteea/.vscode/extensions/ms-python.vscode-python-envs-1.10.0-linux-arm64
2025-10-15 23:39:52.157 [info] Extracted extension to file:///home/projeteea/.vscode/extensions/ms-python.python-2025.16.0-linux-arm64: ms-python.python
2025-10-15 23:39:52.373 [info] Extension signature verification result for ms-python.vscode-pylance: Success. Internal Code: 0. Executed: true. Duration: 9696ms.
2025-10-15 23:39:53.083 [info] Renamed to /home/projeteea/.vscode/extensions/ms-python.python-2025.16.0-linux-arm64
2025-10-15 23:40:44.197 [info] Extracted extension to file:///home/projeteea/.vscode/extensions/ms-python.vscode-pylance-2025.8.3: ms-python.vscode-pylance
2025-10-15 23:40:47.919 [info] Renamed to /home/projeteea/.vscode/extensions/ms-python.vscode-pylance-2025.8.3
2025-10-15 23:40:48.441 [info] Extension installed successfully: ms-python.debugpy vscode-userdata:/home/projeteea/.vscode/extensions/extensions.json
2025-10-15 23:40:48.445 [info] Extension installed successfully: ms-python.vscode-python-envs vscode-userdata:/home/projeteea/.vscode/extensions/extensions.json
2025-10-15 23:40:48.447 [info] Extension installed successfully: ms-python.python vscode-userdata:/home/projeteea/.vscode/extensions/extensions.json
2025-10-15 23:40:48.453 [info] Extension installed successfully: ms-python.vscode-pylance vscode-userdata:/home/projeteea/.vscode/extensions/extensions.json
